01,061,1-7-4-0-9-3-8-2-5-6
01,062,3-7-0-8-6-9-5-1-4-2
01,063,8-1-5-9-0-6-7-4-2-3
01,064,4-8-0-7-3
01,065,1-9-6-5-2
01,066,9-3-6-0-1
01,067,2-7-4-8-5
01,068,7-2-9-0-5
01,069,6-3-1-4-8
01,070,8-6-2-3-9
01,071,5-4-0-7-1
01,072,0-6-4-9-2
01,073,5-8-7-3-1
02,061,6-0-8-4-7-5-9-1-3-2
02,062,8-2-3-6-0-1-9-5-7-4
02,063,5-4-1-0-3-7-2-8-9-6
02,064,6-8-2-5-0
02,065,9-7-3-1-4
02,066,5-8-2-9-0
02,067,6-3-4-1-7
02,068,4-1-5-7-0
02,069,3-8-6-9-2
02,070,5-4-1-3-2
02,071,6-7-9-0-8
02,072,4-2-0-8-1
02,073,9-3-7-5-6
03,061,6-7-1-2-8-5-4-0-9-3
03,062,9-3-5-8-7-0-2-4-6-1
03,063,6-2-8-4-5-0-3-9-7-1
03,064,7-9-0-3-2
03,065,8-1-5-4-6
03,066,0-1-3-5-4
03,067,2-6-7-8-9
03,068,5-9-8-4-0
03,069,6-7-2-3-1
03,070,7-3-8-6-0
03,071,4-9-1-2-5
03,072,0-7-5-4-9
03,073,1-2-6-3-8
04,061,2-8-0-3-6-5-4-1-9-7
04,062,4-7-0-6-3-1-9-5-8-2
04,063,1-3-0-2-7-4-8-6-9-5
04,064,6-5-7-9-3
04,065,0-1-4-8-2
04,066,6-7-2-1-9
04,067,8-5-4-3-0
04,068,9-7-8-2-4
04,069,0-5-6-1-3
04,070,4-7-9-1-2
04,071,8-0-3-5-6
04,072,1-6-5-0-7
04,073,8-3-2-9-4
05,061,4-9-3-1-8-2-0-5-6-7
05,062,4-1-0-9-5-3-6-7-8-2
05,063,9-0-1-8-6-3-7-4-5-2
05,064,7-1-4-3-2
05,065,5-8-0-9-6
05,066,9-2-3-5-4
05,067,0-7-6-8-1
05,068,2-3-1-9-8
05,069,0-5-4-6-7
05,070,6-0-5-2-9
05,071,7-4-1-3-8
05,072,2-1-7-8-9
05,073,0-5-6-3-4
06,061,7-0-3-4-8-9-1-6-2-5
06,062,1-4-9-0-2-7-8-5-3-6
06,063,1-9-4-3-2-6-0-8-7-5
06,064,1-0-6-5-3
06,065,7-2-9-4-8
06,066,5-6-8-1-9
06,067,4-0-7-2-3
06,068,5-7-4-2-1
06,069,9-3-0-6-8
06,070,4-9-3-5-0
06,071,8-6-1-2-7
06,072,4-2-8-7-0
06,073,5-6-3-9-1
07,061,0-1-8-9-4-7-5-6-2-3
07,062,9-5-4-0-2-7-1-8-6-3
07,063,1-0-9-8-5-2-6-3-7-4
07,064,3-8-4-5-6
07,065,2-9-7-0-1
07,066,1-4-2-3-7
07,067,5-9-0-8-6
07,068,7-8-9-4-6
07,069,0-1-2-5-3
07,070,0-8-7-2-6
07,071,9-4-5-1-3
07,072,6-2-9-0-1
07,073,8-3-7-5-4
08,061,7-2-9-8-0-1-6-4-3-5
08,062,1-4-9-8-3-5-0-2-6-7
08,063,6-0-1-3-9-7-2-5-4-8
08,064,1-8-3-6-9
08,065,4-2-7-0-5
08,066,6-8-3-2-5
08,067,0-7-1-9-4
08,068,7-2-6-5-4
08,069,1-9-8-3-0
08,070,8-3-4-2-6
08,071,9-1-5-0-7
08,072,8-6-1-5-4
08,073,9-0-2-7-3
09,061,4-8-0-5-1-2-7-6-9-3
09,062,0-6-1-9-5-3-4-8-2-7
09,063,6-8-4-7-1-2-9-3-0-5
09,064,6-8-9-7-2
09,065,4-5-0-3-1
09,066,8-6-9-1-3
09,067,2-4-7-0-5
09,068,4-2-1-7-6
09,069,0-3-8-9-5
09,070,7-5-0-4-2
09,071,1-3-8-6-9
09,072,9-0-8-3-4
09,073,2-1-7-5-6